Accurate OCR result for parcel: 0010002007300, target: 1830 result: 1830 tesseract: 1830 confidence: 73.0 trocr: 0
Accurate OCR result for parcel: 0020002040200, target: 6160 result: 6160 tesseract: 6160 confidence: 53.0 trocr: 6160
Accurate OCR result for parcel: 0180001007300, target: 4090 result: 4090 tesseract: 4090 confidence: 83.0 trocr: 0
Accurate OCR result for parcel: 0360004005400, target: 4410 result: 4410 tesseract: 4410 confidence: 57.0 trocr: 1410
Accurate OCR result for parcel: 0370001031900, target: 0 result: 0 tesseract: 0 confidence: 50.0 trocr: 0
Accurate OCR result for parcel: 0380A03028100, target: 2970 result: 2970 tesseract: 2970 confidence: 67.5 trocr: 0
Accurate OCR result for parcel: 0390003003700, target: 2760 result: 2760 tesseract: 2760 confidence: 49.0 trocr: 2760
Accurate OCR result for parcel: 0390003004600, target: 1980 result: 1980 tesseract: 1980 confidence: 72.0 trocr: 0
Accurate OCR result for parcel: 0400005012400, target: 3390 result: 3390 tesseract: 3390 confidence: 95.0 trocr: 0
Accurate OCR result for parcel: 0420008004400, target: 5120 result: 5720 tesseract: 5720 confidence: 55.0 trocr: 720
Accurate OCR result for parcel: 0460003003200, target: 1800 result: 1800 tesseract: 1800 confidence: 63.0 trocr: 0
Accurate OCR result for parcel: 0460003011700, target: 4060 result: 4060 tesseract: 4060 confidence: 73.0 trocr: 0
Accurate OCR result for parcel: 0490004011400, target: 2940 result: 2940 tesseract: 2940 confidence: 66.0 trocr: 0
Accurate OCR result for parcel: 0490004014400, target: 4910 result: 4910 tesseract: 4910 confidence: 86.0 trocr: 0
Accurate OCR result for parcel: 0970001009000, target: 0 result: 0 tesseract: 0 confidence: 12.0 trocr: 0
Accurate OCR result for parcel: 0980005005700, target: 1360 result: 1360 tesseract: 1360 confidence: 44.0 trocr: 130
Accurate OCR result for parcel: 1130001005200, target: 4720 result: 4720 tesseract: 4720 confidence: 59.0 trocr: 4720
Accurate OCR result for parcel: 1170A07028400, target: 5910 result: 5910 tesseract: 5910 confidence: 59.0 trocr: 5910
Accurate OCR result for parcel: 1230001006100, target: 6320 result: 6320 tesseract: 6320 confidence: 92.0 trocr: 0
Accurate OCR result for parcel: 1280001014500, target: 4780 result: 4780 tesseract: 4780 confidence: 91.0 trocr: 0
Accurate OCR result for parcel: 1310007032000, target: 3840 result: 3840 tesseract: 3840 confidence: 87.0 trocr: 0
Accurate OCR result for parcel: 1780025011300, target: 3310 result: 3310 tesseract: 3310 confidence: 95.0 trocr: 0
Accurate OCR result for parcel: 1780026001600, target: 8320 result: 8320 tesseract: 8320 confidence: 46.0 trocr: 8320
Accurate OCR result for parcel: 1790075036800, target: 1930 result: 1930 tesseract: 1930 confidence: 69.0 trocr: 0
Accurate OCR result for parcel: 1950030003400, target: 4060 result: 4060 tesseract: 4060 confidence: 83.0 trocr: 0
Accurate OCR result for parcel: 1950032006000, target: 4410 result: 4410 tesseract: 4410 confidence: 53.0 trocr: 4410
Accurate OCR result for parcel: 2020031017700, target: 950 result: 1040 tesseract: 952 confidence: 26.0 trocr: 1040
Accurate OCR result for parcel: 2040A15010500, target: 3050 result: 3050 tesseract: 3050 confidence: 42.0 trocr: 3050
Accurate OCR result for parcel: 2060014002500, target: 7030 result: 7070 tesseract: 703 confidence: 72.0 trocr: 7070
Accurate OCR result for parcel: 2140006002700, target: 4170 result: 4170 tesseract: 4170 confidence: 91.0 trocr: 0
Accurate OCR result for parcel: 2140006007500, target: 3330 result: 3330 tesseract: 3330 confidence: 53.0 trocr: 33330
Accurate OCR result for parcel: 2180057012700, target: 4210 result: 4210 tesseract: 4210 confidence: 86.0 trocr: 0
Accurate OCR result for parcel: 2260004010700, target: 46120 result: 46120 tesseract: 46120 confidence: 7.0 trocr: 416120
Accurate OCR result for parcel: 2340001006600, target: 4300 result: 4300 tesseract: 43 confidence: 70.0 trocr: 4300
Accurate OCR result for parcel: 2370003007400, target: 1910 result: 1710 tesseract: 1710 confidence: 26.0 trocr: 1160
Accurate OCR result for parcel: 2380005003000, target: 1840 result: 1840 tesseract: 1840 confidence: 60.0 trocr: 0
Accurate OCR result for parcel: 2450002005600, target: 1470 result: 1470 tesseract: 1470 confidence: 95.0 trocr: 0
Accurate OCR result for parcel: 2470005024500, target: 3950 result: 3950 tesseract: 3950 confidence: 72.0 trocr: 0
Accurate OCR result for parcel: 5000040011400, target: 18430 result: 18430 tesseract: 18430 confidence: 11.0 trocr: 13430
Accurate OCR result for parcel: 5100011028300, target: 3120 result: 3120 tesseract: 31 confidence: 59.0 trocr: 3120
Accurate OCR result for parcel: 5100014005600, target: 11890 result: 11890 tesseract: 7 confidence: 77.0 trocr: 11890
Accurate OCR result for parcel: 5100014006700, target: 12140 result: 12140 tesseract: 0 confidence: 0.0 trocr: 12140
Accurate OCR result for parcel: 5100052042900, target: 4940 result: 4940 tesseract: 4940 confidence: 40.0 trocr: 11940
Accurate OCR result for parcel: 5100054035900, target: 6730 result: 6230 tesseract: 6230 confidence: 82.0 trocr: 0
Accurate OCR result for parcel: 5100070007300, target: 4120 result: 4120 tesseract: 404 confidence: 18.0 trocr: 4120
Accurate OCR result for parcel: 5100091014100, target: 1310 result: 1310 tesseract: 0 confidence: 22.0 trocr: 1310
Accurate OCR result for parcel: 5100112005800, target: 4480 result: 4480 tesseract: 5 confidence: 0.0 trocr: 4480
Accurate OCR result for parcel: 5100360016300, target: 6370 result: 6370 tesseract: 6370 confidence: 55.0 trocr: 6370

Inaccurate OCR result for parcel: 0260001006700, target: 0 result: 500 tesseract: 0 confidence: 13.0 trocr: 500
Inaccurate OCR result for parcel: 0350001006400, target: 8400 result: 0 tesseract: 0 confidence: 0.0 trocr: 0
Inaccurate OCR result for parcel: 0510010009100, target: 2970 result: 910 tesseract: 910 confidence: 63.0 trocr: 0
Inaccurate OCR result for parcel: 0530006000800, target: 20390 result: 2600 tesseract: 2600 confidence: 62.5 trocr: 0
Inaccurate OCR result for parcel: 1210001013300, target: 4290 result: 430 tesseract: 6 confidence: 17.0 trocr: 430
Inaccurate OCR result for parcel: 1210001038000, target: 4240 result: 670 tesseract: 40 confidence: 1.0 trocr: 670
Inaccurate OCR result for parcel: 1300004000700, target: 1060 result: 2060 tesseract: 2060 confidence: 59.0 trocr: 1060
Inaccurate OCR result for parcel: 1820005011600, target: 2600 result: 220 tesseract: 0 confidence: 16.0 trocr: 220
Inaccurate OCR result for parcel: 2100078001100, target: 5260 result: 11160 tesseract: 0 confidence: 19.0 trocr: 11160
Inaccurate OCR result for parcel: 2100078003900, target: 5290 result: 0 tesseract: 0 confidence: 35.0 trocr: 0
Inaccurate OCR result for parcel: 2110068005400, target: 2820 result: 5630 tesseract: 0 confidence: 0.0 trocr: 5630
Inaccurate OCR result for parcel: 2210019007500, target: 1010 result: 4010 tesseract: 4010 confidence: 0.0 trocr: 1110
Inaccurate OCR result for parcel: 2240006008400, target: 12460 result: 0 tesseract: 0 confidence: 4.5 trocr: 0
Inaccurate OCR result for parcel: 5000043027400, target: 13440 result: 0 tesseract: 10 confidence: 56.0 trocr: 0
Inaccurate OCR result for parcel: 5000044007600, target: 6940 result: 0 tesseract: 10 confidence: 26.0 trocr: 0
Inaccurate OCR result for parcel: 5000045018500, target: 8990 result: 14960 tesseract: 14 confidence: 4.0 trocr: 14960
Inaccurate OCR result for parcel: 5000045024300, target: 9610 result: 610 tesseract: 610 confidence: 49.0 trocr: 2310
Inaccurate OCR result for parcel: 5000112001300, target: 8690 result: 690 tesseract: 690 confidence: 57.0 trocr: 8990
Inaccurate OCR result for parcel: 5000112017400, target: 44450 result: 4450 tesseract: 4450 confidence: 32.0 trocr: 44450
Inaccurate OCR result for parcel: 5000124020000, target: 7990 result: 10190 tesseract: 10 confidence: 9.0 trocr: 10190
Inaccurate OCR result for parcel: 5000201015700, target: 1420 result: 220 tesseract: 0 confidence: 19.0 trocr: 220
Inaccurate OCR result for parcel: 5000301004100, target: 40900 result: 0 tesseract: 0 confidence: 0.0 trocr: 0
Inaccurate OCR result for parcel: 5000301009100, target: 49180 result: 780 tesseract: 780 confidence: 3.0 trocr: 780
Inaccurate OCR result for parcel: 5000360013200, target: 12370 result: 370 tesseract: 370 confidence: 0.0 trocr: 12330
Inaccurate OCR result for parcel: 5100051040000, target: 3640 result: 0 tesseract: 0 confidence: 36.0 trocr: 0
Inaccurate OCR result for parcel: 5100071013200, target: 4260 result: 460 tesseract: 0 confidence: 13.0 trocr: 460
Inaccurate OCR result for parcel: 5100071046000, target: 8350 result: 5350 tesseract: 5350 confidence: 64.0 trocr: 0
Inaccurate OCR result for parcel: 5100073017500, target: 1000 result: 100 tesseract: 100 confidence: 39.0 trocr: 11100
Inaccurate OCR result for parcel: 5100081061400, target: 8700 result: 5700 tesseract: 5700 confidence: 17.0 trocr: 8700
Inaccurate OCR result for parcel: 5100091011000, target: 4770 result: 0 tesseract: 0 confidence: 0.0 trocr: 0
Inaccurate OCR result for parcel: 5100140005000, target: 17990 result: 151140 tesseract: 151140 confidence: 30.0 trocr: 51140
Inaccurate OCR result for parcel: 5100212015400, target: 15000 result: 100 tesseract: 100 confidence: 3.0 trocr: 15000

Statistics:
Total parcels processed: 80
Recognized land: 77, building: 72, total: 63, any: 78
Inferred building: 6
Parsed building: 72
Errors multiple land: 38, multiple building: 0, multiple total: 0
Accurate building: 48