oc-fine-tuning-6k.pt

Step	Training Loss	Validation Loss	Cer
200	0.742900	0.675632	0.043147
400	0.872700	0.570361	0.012690
600	0.497700	0.493298	0.017766
800	0.453600	0.450719	0.012690
1000	0.379900	0.440303	0.012690
1200	0.371600	0.406622	0.005076
1400	0.576100	0.397962	0.002538
1600	0.317000	0.379464	0.002538

0.9717391304347827

oc-carb-fine-tuning-8k.pt

Step	Training Loss	Validation Loss	Cer
200	0.776200	0.596699	0.045113
400	1.064700	0.798107	1.631579
600	1.026400	0.530128	0.030075
800	0.657100	0.540906	0.017544
1000	0.686300	0.519441	0.010025
1200	0.473500	0.503516	0.007519
1400	0.272600	0.555446	0.042607
1600	0.310300	0.538882	0.010025
1800	0.266300	0.515108	0.005013
2000	0.317900	0.717905	0.002506
2200	0.226500	0.553111	0.005013
2400	0.124000	0.514410	0.000000
2600	0.062900	0.804523	0.000000
2800	0.061000	0.845044	0.000000

0.9869565217391304

oc-carb-fine-tuning-8k.pt

Step	Training Loss	Validation Loss	Cer
200	0.969700	0.838103	0.144279
400	0.902700	0.601812	0.037313
600	0.740300	0.565082	0.073383
800	0.812800	0.660513	0.058458
1000	1.019900	0.514657	0.019900
1200	0.866800	0.467081	0.011194
1400	0.717900	0.498847	0.022388
1600	0.618800	0.473134	0.014925
1800	0.702000	0.451934	0.007463
2000	0.588300	0.436822	0.011194
2200	0.546200	0.403063	0.004975
2400	0.491800	0.432503	0.003731
2600	0.495900	0.432887	0.003731
2800	0.392600	0.408393	0.004975
3000	0.912900	0.393011	0.003731
3200	0.353800	0.388175	0.003731
3400	0.374000	0.389711	0.003731
3600	0.366000	0.383601	0.004975

0.9818506396905683

carb-then-oc-fine-tuning-10k

Step	Training Loss	Validation Loss	Cer
200	0.585900	0.615555	0.036025
400	0.594700	0.628267	0.038509
600	0.577100	0.546018	0.019876
800	0.434400	0.512185	0.022360
1000	0.456600	0.496504	0.028571
1200	0.401200	0.462752	0.019876
1400	0.306800	0.461201	0.017391
1600	0.305500	0.439612	0.011180
1800	0.235100	0.450237	0.006211
2000	0.159600	0.531291	0.003727

0.9550728949717346